2024-09-02T00:45:43.848+05:30  INFO 29588 --- [12_mapping-app] [restartedMain] com.techlabs.mapping.Application         : Starting Application using Java 21.0.3 with PID 29588 (D:\SpringBoot\12_mapping-app\target\classes started by Vedshree.Bhosale in D:\SpringBoot\12_mapping-app)
2024-09-02T00:45:43.876+05:30  INFO 29588 --- [12_mapping-app] [restartedMain] com.techlabs.mapping.Application         : No active profile set, falling back to 1 default profile: "default"
2024-09-02T00:45:43.963+05:30  INFO 29588 --- [12_mapping-app] [restartedMain] .e.DevToolsPropertyDefaultsPostProcessor : Devtools property defaults active! Set 'spring.devtools.add-properties' to 'false' to disable
2024-09-02T00:45:43.963+05:30  INFO 29588 --- [12_mapping-app] [restartedMain] .e.DevToolsPropertyDefaultsPostProcessor : For additional web related logging consider setting the 'logging.level.web' property to 'DEBUG'
2024-09-02T00:45:45.568+05:30  INFO 29588 --- [12_mapping-app] [restartedMain] .s.d.r.c.RepositoryConfigurationDelegate : Bootstrapping Spring Data JPA repositories in DEFAULT mode.
2024-09-02T00:45:45.727+05:30  INFO 29588 --- [12_mapping-app] [restartedMain] .s.d.r.c.RepositoryConfigurationDelegate : Finished Spring Data repository scanning in 142 ms. Found 3 JPA repository interfaces.
2024-09-02T00:45:46.961+05:30  INFO 29588 --- [12_mapping-app] [restartedMain] o.s.b.w.embedded.tomcat.TomcatWebServer  : Tomcat initialized with port 8080 (http)
2024-09-02T00:45:46.984+05:30  INFO 29588 --- [12_mapping-app] [restartedMain] o.apache.catalina.core.StandardService   : Starting service [Tomcat]
2024-09-02T00:45:46.984+05:30  INFO 29588 --- [12_mapping-app] [restartedMain] o.apache.catalina.core.StandardEngine    : Starting Servlet engine: [Apache Tomcat/10.1.26]
2024-09-02T00:45:47.069+05:30  INFO 29588 --- [12_mapping-app] [restartedMain] o.a.c.c.C.[Tomcat].[localhost].[/]       : Initializing Spring embedded WebApplicationContext
2024-09-02T00:45:47.069+05:30  INFO 29588 --- [12_mapping-app] [restartedMain] w.s.c.ServletWebServerApplicationContext : Root WebApplicationContext: initialization completed in 3105 ms
2024-09-02T00:45:48.143+05:30  INFO 29588 --- [12_mapping-app] [restartedMain] o.s.o.j.p.SpringPersistenceUnitInfo      : No LoadTimeWeaver setup: ignoring JPA class transformer
2024-09-02T00:45:48.195+05:30  INFO 29588 --- [12_mapping-app] [restartedMain] com.zaxxer.hikari.HikariDataSource       : HikariPool-1 - Starting...
2024-09-02T00:45:48.831+05:30  INFO 29588 --- [12_mapping-app] [restartedMain] com.zaxxer.hikari.pool.HikariPool        : HikariPool-1 - Added connection com.mysql.cj.jdbc.ConnectionImpl@1c7f3fd6
2024-09-02T00:45:48.836+05:30  INFO 29588 --- [12_mapping-app] [restartedMain] com.zaxxer.hikari.HikariDataSource       : HikariPool-1 - Start completed.
2024-09-02T00:45:50.394+05:30  INFO 29588 --- [12_mapping-app] [restartedMain] j.LocalContainerEntityManagerFactoryBean : Initialized JPA EntityManagerFactory for persistence unit 'default'
2024-09-02T00:45:51.380+05:30  WARN 29588 --- [12_mapping-app] [restartedMain] JpaBaseConfiguration$JpaWebConfiguration : spring.jpa.open-in-view is enabled by default. Therefore, database queries may be performed during view rendering. Explicitly configure spring.jpa.open-in-view to disable this warning
2024-09-02T00:45:52.264+05:30  INFO 29588 --- [12_mapping-app] [restartedMain] r$InitializeUserDetailsManagerConfigurer : Global AuthenticationManager configured with UserDetailsService bean with name inMemoryUserDetailsManager
2024-09-02T00:45:52.586+05:30  INFO 29588 --- [12_mapping-app] [restartedMain] o.s.b.d.a.OptionalLiveReloadServer       : LiveReload server is running on port 35729
2024-09-02T00:45:52.648+05:30  INFO 29588 --- [12_mapping-app] [restartedMain] o.s.b.w.embedded.tomcat.TomcatWebServer  : Tomcat started on port 8080 (http) with context path '/'
2024-09-02T00:45:52.664+05:30  INFO 29588 --- [12_mapping-app] [restartedMain] com.techlabs.mapping.Application         : Started Application in 9.596 seconds (process running for 10.642)
2024-09-02T00:46:23.216+05:30  INFO 29588 --- [12_mapping-app] [http-nio-8080-exec-1] o.a.c.c.C.[Tomcat].[localhost].[/]       : Initializing Spring DispatcherServlet 'dispatcherServlet'
2024-09-02T00:46:23.217+05:30  INFO 29588 --- [12_mapping-app] [http-nio-8080-exec-1] o.s.web.servlet.DispatcherServlet        : Initializing Servlet 'dispatcherServlet'
2024-09-02T00:46:23.219+05:30  INFO 29588 --- [12_mapping-app] [http-nio-8080-exec-1] o.s.web.servlet.DispatcherServlet        : Completed initialization in 2 ms
2024-09-02T01:03:26.025+05:30  INFO 9244 --- [12_mapping-app] [restartedMain] com.techlabs.mapping.Application         : Starting Application using Java 21.0.3 with PID 9244 (D:\SpringBoot\12_mapping-app\target\classes started by Vedshree.Bhosale in D:\SpringBoot\12_mapping-app)
2024-09-02T01:03:26.029+05:30  INFO 9244 --- [12_mapping-app] [restartedMain] com.techlabs.mapping.Application         : No active profile set, falling back to 1 default profile: "default"
2024-09-02T01:03:26.113+05:30  INFO 9244 --- [12_mapping-app] [restartedMain] .e.DevToolsPropertyDefaultsPostProcessor : Devtools property defaults active! Set 'spring.devtools.add-properties' to 'false' to disable
2024-09-02T01:03:26.114+05:30  INFO 9244 --- [12_mapping-app] [restartedMain] .e.DevToolsPropertyDefaultsPostProcessor : For additional web related logging consider setting the 'logging.level.web' property to 'DEBUG'
2024-09-02T01:03:27.407+05:30  INFO 9244 --- [12_mapping-app] [restartedMain] .s.d.r.c.RepositoryConfigurationDelegate : Bootstrapping Spring Data JPA repositories in DEFAULT mode.
2024-09-02T01:03:27.544+05:30  INFO 9244 --- [12_mapping-app] [restartedMain] .s.d.r.c.RepositoryConfigurationDelegate : Finished Spring Data repository scanning in 124 ms. Found 3 JPA repository interfaces.
2024-09-02T01:03:28.744+05:30  INFO 9244 --- [12_mapping-app] [restartedMain] o.s.b.w.embedded.tomcat.TomcatWebServer  : Tomcat initialized with port 8080 (http)
2024-09-02T01:03:28.774+05:30  INFO 9244 --- [12_mapping-app] [restartedMain] o.apache.catalina.core.StandardService   : Starting service [Tomcat]
2024-09-02T01:03:28.775+05:30  INFO 9244 --- [12_mapping-app] [restartedMain] o.apache.catalina.core.StandardEngine    : Starting Servlet engine: [Apache Tomcat/10.1.26]
2024-09-02T01:03:28.887+05:30  INFO 9244 --- [12_mapping-app] [restartedMain] o.a.c.c.C.[Tomcat].[localhost].[/]       : Initializing Spring embedded WebApplicationContext
2024-09-02T01:03:28.888+05:30  INFO 9244 --- [12_mapping-app] [restartedMain] w.s.c.ServletWebServerApplicationContext : Root WebApplicationContext: initialization completed in 2773 ms
2024-09-02T01:03:29.886+05:30  INFO 9244 --- [12_mapping-app] [restartedMain] o.s.o.j.p.SpringPersistenceUnitInfo      : No LoadTimeWeaver setup: ignoring JPA class transformer
2024-09-02T01:03:29.932+05:30  INFO 9244 --- [12_mapping-app] [restartedMain] com.zaxxer.hikari.HikariDataSource       : HikariPool-1 - Starting...
2024-09-02T01:03:30.522+05:30  INFO 9244 --- [12_mapping-app] [restartedMain] com.zaxxer.hikari.pool.HikariPool        : HikariPool-1 - Added connection com.mysql.cj.jdbc.ConnectionImpl@14b82e48
2024-09-02T01:03:30.526+05:30  INFO 9244 --- [12_mapping-app] [restartedMain] com.zaxxer.hikari.HikariDataSource       : HikariPool-1 - Start completed.
2024-09-02T01:03:32.369+05:30  INFO 9244 --- [12_mapping-app] [restartedMain] j.LocalContainerEntityManagerFactoryBean : Initialized JPA EntityManagerFactory for persistence unit 'default'
2024-09-02T01:03:33.120+05:30  WARN 9244 --- [12_mapping-app] [restartedMain] JpaBaseConfiguration$JpaWebConfiguration : spring.jpa.open-in-view is enabled by default. Therefore, database queries may be performed during view rendering. Explicitly configure spring.jpa.open-in-view to disable this warning
2024-09-02T01:03:33.840+05:30  WARN 9244 --- [12_mapping-app] [restartedMain] .s.s.UserDetailsServiceAutoConfiguration : 

Using generated security password: 33eb3938-61b8-428a-89a2-da7ca464b8f8

This generated password is for development use only. Your security configuration must be updated before running your application in production.

2024-09-02T01:03:33.869+05:30  INFO 9244 --- [12_mapping-app] [restartedMain] r$InitializeUserDetailsManagerConfigurer : Global AuthenticationManager configured with UserDetailsService bean with name inMemoryUserDetailsManager
2024-09-02T01:03:34.181+05:30  INFO 9244 --- [12_mapping-app] [restartedMain] o.s.b.d.a.OptionalLiveReloadServer       : LiveReload server is running on port 35729
2024-09-02T01:03:34.255+05:30  INFO 9244 --- [12_mapping-app] [restartedMain] o.s.b.w.embedded.tomcat.TomcatWebServer  : Tomcat started on port 8080 (http) with context path '/'
2024-09-02T01:03:34.272+05:30  INFO 9244 --- [12_mapping-app] [restartedMain] com.techlabs.mapping.Application         : Started Application in 8.986 seconds (process running for 10.009)
2024-09-02T01:03:55.040+05:30  INFO 9244 --- [12_mapping-app] [http-nio-8080-exec-1] o.a.c.c.C.[Tomcat].[localhost].[/]       : Initializing Spring DispatcherServlet 'dispatcherServlet'
2024-09-02T01:03:55.041+05:30  INFO 9244 --- [12_mapping-app] [http-nio-8080-exec-1] o.s.web.servlet.DispatcherServlet        : Initializing Servlet 'dispatcherServlet'
2024-09-02T01:03:55.044+05:30  INFO 9244 --- [12_mapping-app] [http-nio-8080-exec-1] o.s.web.servlet.DispatcherServlet        : Completed initialization in 2 ms
2024-09-02T01:04:18.541+05:30  INFO 9244 --- [12_mapping-app] [File Watcher] rtingClassPathChangeChangedEventListener : Restarting due to 1 class path change (0 additions, 0 deletions, 1 modification)
2024-09-02T01:04:18.565+05:30  INFO 9244 --- [12_mapping-app] [Thread-5] j.LocalContainerEntityManagerFactoryBean : Closing JPA EntityManagerFactory for persistence unit 'default'
2024-09-02T01:04:18.570+05:30  INFO 9244 --- [12_mapping-app] [Thread-5] com.zaxxer.hikari.HikariDataSource       : HikariPool-1 - Shutdown initiated...
2024-09-02T01:04:18.586+05:30  INFO 9244 --- [12_mapping-app] [Thread-5] com.zaxxer.hikari.HikariDataSource       : HikariPool-1 - Shutdown completed.
2024-09-02T01:04:18.784+05:30  INFO 9244 --- [12_mapping-app] [restartedMain] com.techlabs.mapping.Application         : Starting Application using Java 21.0.3 with PID 9244 (D:\SpringBoot\12_mapping-app\target\classes started by Vedshree.Bhosale in D:\SpringBoot\12_mapping-app)
2024-09-02T01:04:18.785+05:30  INFO 9244 --- [12_mapping-app] [restartedMain] com.techlabs.mapping.Application         : No active profile set, falling back to 1 default profile: "default"
2024-09-02T01:04:19.156+05:30  INFO 9244 --- [12_mapping-app] [restartedMain] .s.d.r.c.RepositoryConfigurationDelegate : Bootstrapping Spring Data JPA repositories in DEFAULT mode.
2024-09-02T01:04:19.205+05:30  INFO 9244 --- [12_mapping-app] [restartedMain] .s.d.r.c.RepositoryConfigurationDelegate : Finished Spring Data repository scanning in 48 ms. Found 3 JPA repository interfaces.
2024-09-02T01:04:19.505+05:30  INFO 9244 --- [12_mapping-app] [restartedMain] o.s.b.w.embedded.tomcat.TomcatWebServer  : Tomcat initialized with port 8080 (http)
2024-09-02T01:04:19.508+05:30  INFO 9244 --- [12_mapping-app] [restartedMain] o.apache.catalina.core.StandardService   : Starting service [Tomcat]
2024-09-02T01:04:19.508+05:30  INFO 9244 --- [12_mapping-app] [restartedMain] o.apache.catalina.core.StandardEngine    : Starting Servlet engine: [Apache Tomcat/10.1.26]
2024-09-02T01:04:19.560+05:30  INFO 9244 --- [12_mapping-app] [restartedMain] o.a.c.c.C.[Tomcat].[localhost].[/]       : Initializing Spring embedded WebApplicationContext
2024-09-02T01:04:19.560+05:30  INFO 9244 --- [12_mapping-app] [restartedMain] w.s.c.ServletWebServerApplicationContext : Root WebApplicationContext: initialization completed in 771 ms
2024-09-02T01:04:19.702+05:30  INFO 9244 --- [12_mapping-app] [restartedMain] o.s.o.j.p.SpringPersistenceUnitInfo      : No LoadTimeWeaver setup: ignoring JPA class transformer
2024-09-02T01:04:19.703+05:30  INFO 9244 --- [12_mapping-app] [restartedMain] com.zaxxer.hikari.HikariDataSource       : HikariPool-2 - Starting...
2024-09-02T01:04:19.731+05:30  INFO 9244 --- [12_mapping-app] [restartedMain] com.zaxxer.hikari.pool.HikariPool        : HikariPool-2 - Added connection com.mysql.cj.jdbc.ConnectionImpl@4b8f98c4
2024-09-02T01:04:19.731+05:30  INFO 9244 --- [12_mapping-app] [restartedMain] com.zaxxer.hikari.HikariDataSource       : HikariPool-2 - Start completed.
2024-09-02T01:04:19.965+05:30  INFO 9244 --- [12_mapping-app] [restartedMain] j.LocalContainerEntityManagerFactoryBean : Initialized JPA EntityManagerFactory for persistence unit 'default'
2024-09-02T01:04:20.191+05:30  WARN 9244 --- [12_mapping-app] [restartedMain] JpaBaseConfiguration$JpaWebConfiguration : spring.jpa.open-in-view is enabled by default. Therefore, database queries may be performed during view rendering. Explicitly configure spring.jpa.open-in-view to disable this warning
2024-09-02T01:04:20.453+05:30  INFO 9244 --- [12_mapping-app] [restartedMain] r$InitializeUserDetailsManagerConfigurer : Global AuthenticationManager configured with UserDetailsService bean with name inMemoryUserDetailsManager
2024-09-02T01:04:20.510+05:30  INFO 9244 --- [12_mapping-app] [restartedMain] o.s.b.d.a.OptionalLiveReloadServer       : LiveReload server is running on port 35729
2024-09-02T01:04:20.538+05:30  INFO 9244 --- [12_mapping-app] [restartedMain] o.s.b.w.embedded.tomcat.TomcatWebServer  : Tomcat started on port 8080 (http) with context path '/'
2024-09-02T01:04:20.544+05:30  INFO 9244 --- [12_mapping-app] [restartedMain] com.techlabs.mapping.Application         : Started Application in 1.803 seconds (process running for 56.281)
2024-09-02T01:04:20.548+05:30  INFO 9244 --- [12_mapping-app] [restartedMain] .ConditionEvaluationDeltaLoggingListener : Condition evaluation unchanged
2024-09-02T01:04:24.692+05:30  INFO 9244 --- [12_mapping-app] [http-nio-8080-exec-2] o.a.c.c.C.[Tomcat].[localhost].[/]       : Initializing Spring DispatcherServlet 'dispatcherServlet'
2024-09-02T01:04:24.692+05:30  INFO 9244 --- [12_mapping-app] [http-nio-8080-exec-2] o.s.web.servlet.DispatcherServlet        : Initializing Servlet 'dispatcherServlet'
2024-09-02T01:04:24.693+05:30  INFO 9244 --- [12_mapping-app] [http-nio-8080-exec-2] o.s.web.servlet.DispatcherServlet        : Completed initialization in 1 ms
